{"name": "test_verifyLoginWithRegisteredUsers[chrome]", "status": "broken", "statusDetails": {"message": "selenium.common.exceptions.TimeoutException: Message:", "trace": "self = <test_LoginWithRegisteredUser.Test_LoginWithRegisteredUser object at 0x000001B78B3FF8B0>\n\n    def test_verifyLoginWithRegisteredUsers(self):\n        registerCust = LoginWithRegisteredUser(self.driver)\n>       registerCust.logIn()\n\nTests\\test_LoginWithRegisteredUser.py:11: \n_ _ _ _ _ _ _ _ _ _ _ _ _ _ _ _ _ _ _ _ _ _ _ _ _ _ _ _ _ _ _ _ _ _ _ _ _ _ _ _ _ _ _ _ _ _ _ _ _ _ _ _ _ _ _ _ _ _ _ _ _ _ _ _ _ _ _ _ _ _ _ _ _ _ _ _ _ _ _ _ _ _ _ _ _ _ _ _ _ _ _ _ _ \nPages\\LoginWithRegisteredUsers.py:22: in logIn\n    self.do_click(Locators.CUSTOMER_LOGIN)\nPages\\BasePage.py:14: in do_click\n    WebDriverWait(self.driver, 30).until(EC.visibility_of_element_located(by_locator)).click()\n_ _ _ _ _ _ _ _ _ _ _ _ _ _ _ _ _ _ _ _ _ _ _ _ _ _ _ _ _ _ _ _ _ _ _ _ _ _ _ _ _ _ _ _ _ _ _ _ _ _ _ _ _ _ _ _ _ _ _ _ _ _ _ _ _ _ _ _ _ _ _ _ _ _ _ _ _ _ _ _ _ _ _ _ _ _ _ _ _ _ _ _ _ \n\nself = <selenium.webdriver.support.wait.WebDriverWait (session=\"6b3969a200da1f420b2d9569aa539d01\")>\nmethod = <selenium.webdriver.support.expected_conditions.visibility_of_element_located object at 0x000001B78C5A3D90>, message = ''\n\n    def until(self, method, message=''):\n        \"\"\"Calls the method provided with the driver as an argument until the \\\n        return value is not False.\"\"\"\n        screen = None\n        stacktrace = None\n    \n        end_time = time.time() + self._timeout\n        while True:\n            try:\n                value = method(self._driver)\n                if value:\n                    return value\n            except self._ignored_exceptions as exc:\n                screen = getattr(exc, 'screen', None)\n                stacktrace = getattr(exc, 'stacktrace', None)\n            time.sleep(self._poll)\n            if time.time() > end_time:\n                break\n>       raise TimeoutException(message, screen, stacktrace)\nE       selenium.common.exceptions.TimeoutException: Message:\n\n..\\..\\AppData\\Local\\Programs\\Python\\Python310\\lib\\site-packages\\selenium\\webdriver\\support\\wait.py:80: TimeoutException"}, "attachments": [{"name": "log", "source": "86e9ccb1-70db-4de7-a24a-784abf76f16f-attachment.txt", "type": "text/plain"}, {"name": "stderr", "source": "87011ae2-3550-434f-b36d-7ccfb53bee2b-attachment.txt", "type": "text/plain"}], "parameters": [{"name": "init_driver", "value": "'chrome'"}], "start": 1653895936310, "stop": 1653895970243, "uuid": "fe405540-6623-4a1f-9a22-2f758a5a7a42", "historyId": "6d737d38e39d61188f07ce57d1da3453", "testCaseId": "2c8ba56e022d5a917359a503e514903a", "fullName": "Tests.test_LoginWithRegisteredUser.Test_LoginWithRegisteredUser#test_verifyLoginWithRegisteredUsers", "labels": [{"name": "tag", "value": "@pytest.mark.usefixtures('init_driver')"}, {"name": "parentSuite", "value": "Tests"}, {"name": "suite", "value": "test_LoginWithRegisteredUser"}, {"name": "subSuite", "value": "Test_LoginWithRegisteredUser"}, {"name": "host", "value": "MSDT120"}, {"name": "thread", "value": "7636-MainThread"}, {"name": "framework", "value": "pytest"}, {"name": "language", "value": "cpython3"}, {"name": "package", "value": "Tests.test_LoginWithRegisteredUser"}]}