{"name": "test_verifyingDebitTransactions[chrome]", "status": "broken", "statusDetails": {"message": "selenium.common.exceptions.TimeoutException: Message:", "trace": "self = <test_TransanctionPage.Test_Transactions object at 0x000001B78B3FE9E0>\n\n    def test_verifyingDebitTransactions(self):\n        managerLog = ManagerLogin(self.driver)\n        managerLog.managerLoginOption()\n        addCust = AddCustomer(self.driver)\n        addCust.addCustomers()\n        openAcnt = OpenAccount(self.driver)\n        openAcnt.verifyOpenAccount()\n        custVerify = Customers(self.driver)\n        custVerify.verifyCustomers()\n        combineLogin = CustomerLogin(self.driver)\n        combineLogin.customerLoginOption()\n        depositAmnt = DepositPage(self.driver)\n        depositAmnt.verifyDeposit()\n        withdrawnAmnt = Withdrawl(self.driver)\n        withdrawnAmnt.verifyWithdrawl()\n        transaction = Transactions(self.driver)\n>       transaction.verifyDebitTransactions()\n\nTests\\test_TransanctionPage.py:45: \n_ _ _ _ _ _ _ _ _ _ _ _ _ _ _ _ _ _ _ _ _ _ _ _ _ _ _ _ _ _ _ _ _ _ _ _ _ _ _ _ _ _ _ _ _ _ _ _ _ _ _ _ _ _ _ _ _ _ _ _ _ _ _ _ _ _ _ _ _ _ _ _ _ _ _ _ _ _ _ _ _ _ _ _ _ _ _ _ _ _ _ _ _ \nPages\\TransactionsPage.py:44: in verifyDebitTransactions\n    getDebText = self.get_element_text(Locators.TRANSACTIONS_TYPE_DEBIT)\nPages\\BasePage.py:20: in get_element_text\n    element = WebDriverWait(self.driver, 30).until(EC.visibility_of_element_located(by_locator))\n_ _ _ _ _ _ _ _ _ _ _ _ _ _ _ _ _ _ _ _ _ _ _ _ _ _ _ _ _ _ _ _ _ _ _ _ _ _ _ _ _ _ _ _ _ _ _ _ _ _ _ _ _ _ _ _ _ _ _ _ _ _ _ _ _ _ _ _ _ _ _ _ _ _ _ _ _ _ _ _ _ _ _ _ _ _ _ _ _ _ _ _ _ \n\nself = <selenium.webdriver.support.wait.WebDriverWait (session=\"19a65362ef56f69a2b898ae7115b15b9\")>\nmethod = <selenium.webdriver.support.expected_conditions.visibility_of_element_located object at 0x000001B78C5A1BA0>, message = ''\n\n    def until(self, method, message=''):\n        \"\"\"Calls the method provided with the driver as an argument until the \\\n        return value is not False.\"\"\"\n        screen = None\n        stacktrace = None\n    \n        end_time = time.time() + self._timeout\n        while True:\n            try:\n                value = method(self._driver)\n                if value:\n                    return value\n            except self._ignored_exceptions as exc:\n                screen = getattr(exc, 'screen', None)\n                stacktrace = getattr(exc, 'stacktrace', None)\n            time.sleep(self._poll)\n            if time.time() > end_time:\n                break\n>       raise TimeoutException(message, screen, stacktrace)\nE       selenium.common.exceptions.TimeoutException: Message:\n\n..\\..\\AppData\\Local\\Programs\\Python\\Python310\\lib\\site-packages\\selenium\\webdriver\\support\\wait.py:80: TimeoutException"}, "attachments": [{"source": "2ff1c820-3efe-414d-9af8-51060dfede1f-attachment.png", "type": "image/png"}, {"source": "5eac6033-bb6b-474e-88f0-d15a41726532-attachment.png", "type": "image/png"}, {"source": "103b7a87-b10f-4de0-87e0-15571d4cff55-attachment.png", "type": "image/png"}, {"source": "d632a888-edbb-4a32-a79e-96036191eb24-attachment.png", "type": "image/png"}, {"name": "stdout", "source": "73da7e3d-7cd3-48cb-bd84-0614237bba19-attachment.txt", "type": "text/plain"}], "parameters": [{"name": "init_driver", "value": "'chrome'"}], "start": 1653896035682, "stop": 1653896114978, "uuid": "6bdaf165-71bd-438e-8207-030a7106643a", "historyId": "14d212360fe002218b0409eee63512d7", "testCaseId": "af40b73ac230ca090f7dc7b6c5c25ee1", "fullName": "Tests.test_TransanctionPage.Test_Transactions#test_verifyingDebitTransactions", "labels": [{"name": "tag", "value": "@pytest.mark.usefixtures('init_driver')"}, {"name": "parentSuite", "value": "Tests"}, {"name": "suite", "value": "test_TransanctionPage"}, {"name": "subSuite", "value": "Test_Transactions"}, {"name": "host", "value": "MSDT120"}, {"name": "thread", "value": "7636-MainThread"}, {"name": "framework", "value": "pytest"}, {"name": "language", "value": "cpython3"}, {"name": "package", "value": "Tests.test_TransanctionPage"}]}