{"name": "test_verifyTransactionWithRegUser[chrome]", "status": "broken", "statusDetails": {"message": "selenium.common.exceptions.TimeoutException: Message:", "trace": "self = <test_VerifyingTransactionWithRegisteredUser.Test_VerifyingTransactionWithRegisteredUser object at 0x000001B78B4A6650>\n\n    @pytest.mark.registeredUser\n    def test_verifyTransactionWithRegUser(self):\n        registerCust = LoginWithRegisteredUser(self.driver)\n>       registerCust.logIn()\n\nTests\\test_VerifyingTransactionWithRegisteredUser.py:14: \n_ _ _ _ _ _ _ _ _ _ _ _ _ _ _ _ _ _ _ _ _ _ _ _ _ _ _ _ _ _ _ _ _ _ _ _ _ _ _ _ _ _ _ _ _ _ _ _ _ _ _ _ _ _ _ _ _ _ _ _ _ _ _ _ _ _ _ _ _ _ _ _ _ _ _ _ _ _ _ _ _ _ _ _ _ _ _ _ _ _ _ _ _ \nPages\\LoginWithRegisteredUsers.py:22: in logIn\n    self.do_click(Locators.CUSTOMER_LOGIN)\nPages\\BasePage.py:14: in do_click\n    WebDriverWait(self.driver, 30).until(EC.visibility_of_element_located(by_locator)).click()\n_ _ _ _ _ _ _ _ _ _ _ _ _ _ _ _ _ _ _ _ _ _ _ _ _ _ _ _ _ _ _ _ _ _ _ _ _ _ _ _ _ _ _ _ _ _ _ _ _ _ _ _ _ _ _ _ _ _ _ _ _ _ _ _ _ _ _ _ _ _ _ _ _ _ _ _ _ _ _ _ _ _ _ _ _ _ _ _ _ _ _ _ _ \n\nself = <selenium.webdriver.support.wait.WebDriverWait (session=\"c50e4c7da35c944d166afd12a787cc16\")>\nmethod = <selenium.webdriver.support.expected_conditions.visibility_of_element_located object at 0x000001B78C5C1720>, message = ''\n\n    def until(self, method, message=''):\n        \"\"\"Calls the method provided with the driver as an argument until the \\\n        return value is not False.\"\"\"\n        screen = None\n        stacktrace = None\n    \n        end_time = time.time() + self._timeout\n        while True:\n            try:\n                value = method(self._driver)\n                if value:\n                    return value\n            except self._ignored_exceptions as exc:\n                screen = getattr(exc, 'screen', None)\n                stacktrace = getattr(exc, 'stacktrace', None)\n            time.sleep(self._poll)\n            if time.time() > end_time:\n                break\n>       raise TimeoutException(message, screen, stacktrace)\nE       selenium.common.exceptions.TimeoutException: Message:\n\n..\\..\\AppData\\Local\\Programs\\Python\\Python310\\lib\\site-packages\\selenium\\webdriver\\support\\wait.py:80: TimeoutException"}, "attachments": [{"name": "log", "source": "b276b6ee-0ecc-4d11-b5a5-619fb5733d10-attachment.txt", "type": "text/plain"}, {"name": "stderr", "source": "55370844-7657-414e-8cc5-32b3fea8a40b-attachment.txt", "type": "text/plain"}], "parameters": [{"name": "init_driver", "value": "'chrome'"}], "start": 1653896118131, "stop": 1653896153109, "uuid": "7bd91187-54f5-4585-b610-d5fb521f9153", "historyId": "151a1a542441571e1e1d375a735e8b0c", "testCaseId": "c7e3b4e1ca346bfbbbe3f3d2d28280de", "fullName": "Tests.test_VerifyingTransactionWithRegisteredUser.Test_VerifyingTransactionWithRegisteredUser#test_verifyTransactionWithRegUser", "labels": [{"name": "tag", "value": "registeredUser"}, {"name": "tag", "value": "@pytest.mark.usefixtures('init_driver')"}, {"name": "parentSuite", "value": "Tests"}, {"name": "suite", "value": "test_VerifyingTransactionWithRegisteredUser"}, {"name": "subSuite", "value": "Test_VerifyingTransactionWithRegisteredUser"}, {"name": "host", "value": "MSDT120"}, {"name": "thread", "value": "7636-MainThread"}, {"name": "framework", "value": "pytest"}, {"name": "language", "value": "cpython3"}, {"name": "package", "value": "Tests.test_VerifyingTransactionWithRegisteredUser"}]}