{"name": "test_verifyDepositAmountWithRegUser[chrome]", "status": "broken", "statusDetails": {"message": "selenium.common.exceptions.TimeoutException: Message:", "trace": "self = <test_DepositingAmountWithRegisteredUser.Test_DepositingAmountWithRegisteredUser object at 0x000001B78B3FFF70>\n\n    def test_verifyDepositAmountWithRegUser(self):\n        registerCust = LoginWithRegisteredUser(self.driver)\n>       registerCust.logIn()\n\nTests\\test_DepositingAmountWithRegisteredUser.py:9: \n_ _ _ _ _ _ _ _ _ _ _ _ _ _ _ _ _ _ _ _ _ _ _ _ _ _ _ _ _ _ _ _ _ _ _ _ _ _ _ _ _ _ _ _ _ _ _ _ _ _ _ _ _ _ _ _ _ _ _ _ _ _ _ _ _ _ _ _ _ _ _ _ _ _ _ _ _ _ _ _ _ _ _ _ _ _ _ _ _ _ _ _ _ \nPages\\LoginWithRegisteredUsers.py:22: in logIn\n    self.do_click(Locators.CUSTOMER_LOGIN)\nPages\\BasePage.py:14: in do_click\n    WebDriverWait(self.driver, 30).until(EC.visibility_of_element_located(by_locator)).click()\n_ _ _ _ _ _ _ _ _ _ _ _ _ _ _ _ _ _ _ _ _ _ _ _ _ _ _ _ _ _ _ _ _ _ _ _ _ _ _ _ _ _ _ _ _ _ _ _ _ _ _ _ _ _ _ _ _ _ _ _ _ _ _ _ _ _ _ _ _ _ _ _ _ _ _ _ _ _ _ _ _ _ _ _ _ _ _ _ _ _ _ _ _ \n\nself = <selenium.webdriver.support.wait.WebDriverWait (session=\"26e891a44d30a165981f0365c3c9d6d4\")>\nmethod = <selenium.webdriver.support.expected_conditions.visibility_of_element_located object at 0x000001B78B3FF820>, message = ''\n\n    def until(self, method, message=''):\n        \"\"\"Calls the method provided with the driver as an argument until the \\\n        return value is not False.\"\"\"\n        screen = None\n        stacktrace = None\n    \n        end_time = time.time() + self._timeout\n        while True:\n            try:\n                value = method(self._driver)\n                if value:\n                    return value\n            except self._ignored_exceptions as exc:\n                screen = getattr(exc, 'screen', None)\n                stacktrace = getattr(exc, 'stacktrace', None)\n            time.sleep(self._poll)\n            if time.time() > end_time:\n                break\n>       raise TimeoutException(message, screen, stacktrace)\nE       selenium.common.exceptions.TimeoutException: Message:\n\n..\\..\\AppData\\Local\\Programs\\Python\\Python310\\lib\\site-packages\\selenium\\webdriver\\support\\wait.py:80: TimeoutException"}, "attachments": [{"name": "log", "source": "9d5bf6ad-8e61-4c28-a4ed-812818431d0b-attachment.txt", "type": "text/plain"}, {"name": "stderr", "source": "9b4eddaa-aa3a-481f-861d-a7a088dbc449-attachment.txt", "type": "text/plain"}], "parameters": [{"name": "init_driver", "value": "'chrome'"}], "start": 1653895899239, "stop": 1653895933371, "uuid": "29ac2696-c271-4370-9c24-8160cc5f3073", "historyId": "504906803da30480cd57c00c9d8d52c7", "testCaseId": "f92b96bae1f8c9a1403e66d40b16edc4", "fullName": "Tests.test_DepositingAmountWithRegisteredUser.Test_DepositingAmountWithRegisteredUser#test_verifyDepositAmountWithRegUser", "labels": [{"name": "tag", "value": "@pytest.mark.usefixtures('init_driver')"}, {"name": "parentSuite", "value": "Tests"}, {"name": "suite", "value": "test_DepositingAmountWithRegisteredUser"}, {"name": "subSuite", "value": "Test_DepositingAmountWithRegisteredUser"}, {"name": "host", "value": "MSDT120"}, {"name": "thread", "value": "7636-MainThread"}, {"name": "framework", "value": "pytest"}, {"name": "language", "value": "cpython3"}, {"name": "package", "value": "Tests.test_DepositingAmountWithRegisteredUser"}]}