{"name": "test_WithdrawingAmountWithRegUsers[chrome]", "status": "broken", "statusDetails": {"message": "selenium.common.exceptions.TimeoutException: Message:", "trace": "self = <test_WithdrawlAmountWithRegisteredUser.Test_WithdrawlAmountWithRegisteredUser object at 0x000001B78B4A68F0>\n\n    def test_WithdrawingAmountWithRegUsers(self):\n        registerCust = LoginWithRegisteredUser(self.driver)\n>       registerCust.logIn()\n\nTests\\test_WithdrawlAmountWithRegisteredUser.py:10: \n_ _ _ _ _ _ _ _ _ _ _ _ _ _ _ _ _ _ _ _ _ _ _ _ _ _ _ _ _ _ _ _ _ _ _ _ _ _ _ _ _ _ _ _ _ _ _ _ _ _ _ _ _ _ _ _ _ _ _ _ _ _ _ _ _ _ _ _ _ _ _ _ _ _ _ _ _ _ _ _ _ _ _ _ _ _ _ _ _ _ _ _ _ \nPages\\LoginWithRegisteredUsers.py:22: in logIn\n    self.do_click(Locators.CUSTOMER_LOGIN)\nPages\\BasePage.py:14: in do_click\n    WebDriverWait(self.driver, 30).until(EC.visibility_of_element_located(by_locator)).click()\n_ _ _ _ _ _ _ _ _ _ _ _ _ _ _ _ _ _ _ _ _ _ _ _ _ _ _ _ _ _ _ _ _ _ _ _ _ _ _ _ _ _ _ _ _ _ _ _ _ _ _ _ _ _ _ _ _ _ _ _ _ _ _ _ _ _ _ _ _ _ _ _ _ _ _ _ _ _ _ _ _ _ _ _ _ _ _ _ _ _ _ _ _ \n\nself = <selenium.webdriver.support.wait.WebDriverWait (session=\"ad25689b7584ecb3cc73a4c7c21f53e5\")>\nmethod = <selenium.webdriver.support.expected_conditions.visibility_of_element_located object at 0x000001B78C51BEB0>, message = ''\n\n    def until(self, method, message=''):\n        \"\"\"Calls the method provided with the driver as an argument until the \\\n        return value is not False.\"\"\"\n        screen = None\n        stacktrace = None\n    \n        end_time = time.time() + self._timeout\n        while True:\n            try:\n                value = method(self._driver)\n                if value:\n                    return value\n            except self._ignored_exceptions as exc:\n                screen = getattr(exc, 'screen', None)\n                stacktrace = getattr(exc, 'stacktrace', None)\n            time.sleep(self._poll)\n            if time.time() > end_time:\n                break\n>       raise TimeoutException(message, screen, stacktrace)\nE       selenium.common.exceptions.TimeoutException: Message:\n\n..\\..\\AppData\\Local\\Programs\\Python\\Python310\\lib\\site-packages\\selenium\\webdriver\\support\\wait.py:80: TimeoutException"}, "attachments": [{"name": "log", "source": "4df3a2ec-42c0-4c8b-8bbc-e20a8a597d15-attachment.txt", "type": "text/plain"}, {"name": "stderr", "source": "a99aa163-bf2b-40f1-aa7f-1046d093fab2-attachment.txt", "type": "text/plain"}], "parameters": [{"name": "init_driver", "value": "'chrome'"}], "start": 1653896155719, "stop": 1653896190783, "uuid": "535ff880-d973-4540-b7d1-c2d0c10e1201", "historyId": "2d45ba51ed175cd5c992878a23dfa6ff", "testCaseId": "907b6f66992c1508bdef72f3b7b9c166", "fullName": "Tests.test_WithdrawlAmountWithRegisteredUser.Test_WithdrawlAmountWithRegisteredUser#test_WithdrawingAmountWithRegUsers", "labels": [{"name": "tag", "value": "@pytest.mark.usefixtures('init_driver')"}, {"name": "parentSuite", "value": "Tests"}, {"name": "suite", "value": "test_WithdrawlAmountWithRegisteredUser"}, {"name": "subSuite", "value": "Test_WithdrawlAmountWithRegisteredUser"}, {"name": "host", "value": "MSDT120"}, {"name": "thread", "value": "7636-MainThread"}, {"name": "framework", "value": "pytest"}, {"name": "language", "value": "cpython3"}, {"name": "package", "value": "Tests.test_WithdrawlAmountWithRegisteredUser"}]}