{"name": "test_verifyingWithdrawl[chrome]", "status": "broken", "statusDetails": {"message": "selenium.common.exceptions.TimeoutException: Message:", "trace": "self = <test_WithdrawlPage.Test_Withdrawl object at 0x00000161182DD5A0>\n\n    def test_verifyingWithdrawl(self):\n        managerLog = ManagerLogin(self.driver)\n>       managerLog.managerLoginOption()\n\nTests\\test_WithdrawlPage.py:15: \n_ _ _ _ _ _ _ _ _ _ _ _ _ _ _ _ _ _ _ _ _ _ _ _ _ _ _ _ _ _ _ _ _ _ _ _ _ _ _ _\nPages\\ManagerLogin.py:15: in managerLoginOption\n    self.do_click(Locators.BANK_MANAGER_LOGIN)\nPages\\BasePage.py:14: in do_click\n    WebDriverWait(self.driver, 10).until(EC.visibility_of_element_located(by_locator)).click()\n_ _ _ _ _ _ _ _ _ _ _ _ _ _ _ _ _ _ _ _ _ _ _ _ _ _ _ _ _ _ _ _ _ _ _ _ _ _ _ _\n\nself = <selenium.webdriver.support.wait.WebDriverWait (session=\"6a98bfe5abe0e39979d8bb2cf5ddb4fc\")>\nmethod = <selenium.webdriver.support.expected_conditions.visibility_of_element_located object at 0x00000161182DECE0>\nmessage = ''\n\n    def until(self, method, message=''):\n        \"\"\"Calls the method provided with the driver as an argument until the \\\n        return value is not False.\"\"\"\n        screen = None\n        stacktrace = None\n    \n        end_time = time.time() + self._timeout\n        while True:\n            try:\n                value = method(self._driver)\n                if value:\n                    return value\n            except self._ignored_exceptions as exc:\n                screen = getattr(exc, 'screen', None)\n                stacktrace = getattr(exc, 'stacktrace', None)\n            time.sleep(self._poll)\n            if time.time() > end_time:\n                break\n>       raise TimeoutException(message, screen, stacktrace)\nE       selenium.common.exceptions.TimeoutException: Message:\n\n..\\..\\AppData\\Local\\Programs\\Python\\Python310\\lib\\site-packages\\selenium\\webdriver\\support\\wait.py:80: TimeoutException"}, "attachments": [{"name": "log", "source": "06bc859d-4b96-46e2-9cec-fe7e410cf865-attachment.txt", "type": "text/plain"}, {"name": "stderr", "source": "ee572a2d-ccac-42d2-a91b-af6888c2da84-attachment.txt", "type": "text/plain"}], "parameters": [{"name": "init_driver", "value": "'chrome'"}], "start": 1653917428410, "stop": 1653917445930, "uuid": "56b7545b-c035-47ea-8b10-4613d83ffae8", "historyId": "041a9d4cc885732ef0cf0b21711ea323", "testCaseId": "ba7b03fa7cc210c4cbfccf9a0087cc2b", "fullName": "Tests.test_WithdrawlPage.Test_Withdrawl#test_verifyingWithdrawl", "labels": [{"name": "tag", "value": "@pytest.mark.usefixtures('init_driver')"}, {"name": "parentSuite", "value": "Tests"}, {"name": "suite", "value": "test_WithdrawlPage"}, {"name": "subSuite", "value": "Test_Withdrawl"}, {"name": "host", "value": "MSDT120"}, {"name": "thread", "value": "18848-MainThread"}, {"name": "framework", "value": "pytest"}, {"name": "language", "value": "cpython3"}, {"name": "package", "value": "Tests.test_WithdrawlPage"}]}