{"name": "test_verifyingDebitTransactions[chrome]", "status": "broken", "statusDetails": {"message": "selenium.common.exceptions.TimeoutException: Message:", "trace": "self = <test_TransanctionPage.Test_Transactions object at 0x0000029B1E72DAB0>\n\n    def test_verifyingDebitTransactions(self):\n        managerLog = ManagerLogin(self.driver)\n        managerLog.managerLoginOption()\n        addCust = AddCustomer(self.driver)\n        addCust.addCustomers()\n        openAcnt = OpenAccount(self.driver)\n        openAcnt.verifyOpenAccount()\n        custVerify = Customers(self.driver)\n        custVerify.verifyCustomers()\n        combineLogin = CustomerLogin(self.driver)\n        combineLogin.customerLoginOption()\n        depositAmnt = DepositPage(self.driver)\n        depositAmnt.verifyDeposit()\n        withdrawnAmnt = Withdrawl(self.driver)\n        withdrawnAmnt.verifyWithdrawl()\n        transaction = Transactions(self.driver)\n>       transaction.verifyDebitTransactions()\n\nTests\\test_TransanctionPage.py:45: \n_ _ _ _ _ _ _ _ _ _ _ _ _ _ _ _ _ _ _ _ _ _ _ _ _ _ _ _ _ _ _ _ _ _ _ _ _ _ _ _ _ _ _ _ _ _ _ _ _ _ _ _ _ _ _ _ _ _ _ _ _ _ _ _ _ _ _ _ _ _ _ _ _ _ _ _ _ _ _ _ _ _ _ _ _ _ _ _ _ _ _ _ _ \nPages\\TransactionsPage.py:47: in verifyDebitTransactions\n    getDebText = self.get_element_text(Locators.TRANSACTIONS_TYPE_DEBIT)\nPages\\BasePage.py:20: in get_element_text\n    element = WebDriverWait(self.driver, 10).until(EC.visibility_of_element_located(by_locator))\n_ _ _ _ _ _ _ _ _ _ _ _ _ _ _ _ _ _ _ _ _ _ _ _ _ _ _ _ _ _ _ _ _ _ _ _ _ _ _ _ _ _ _ _ _ _ _ _ _ _ _ _ _ _ _ _ _ _ _ _ _ _ _ _ _ _ _ _ _ _ _ _ _ _ _ _ _ _ _ _ _ _ _ _ _ _ _ _ _ _ _ _ _ \n\nself = <selenium.webdriver.support.wait.WebDriverWait (session=\"5666b07323fef0d76cc397d773408eca\")>\nmethod = <selenium.webdriver.support.expected_conditions.visibility_of_element_located object at 0x0000029B1E800460>, message = ''\n\n    def until(self, method, message=''):\n        \"\"\"Calls the method provided with the driver as an argument until the \\\n        return value is not False.\"\"\"\n        screen = None\n        stacktrace = None\n    \n        end_time = time.time() + self._timeout\n        while True:\n            try:\n                value = method(self._driver)\n                if value:\n                    return value\n            except self._ignored_exceptions as exc:\n                screen = getattr(exc, 'screen', None)\n                stacktrace = getattr(exc, 'stacktrace', None)\n            time.sleep(self._poll)\n            if time.time() > end_time:\n                break\n>       raise TimeoutException(message, screen, stacktrace)\nE       selenium.common.exceptions.TimeoutException: Message:\n\n..\\..\\AppData\\Local\\Programs\\Python\\Python310\\lib\\site-packages\\selenium\\webdriver\\support\\wait.py:80: TimeoutException"}, "attachments": [{"source": "5a47a293-932b-41f7-9f45-ef9f78816734-attachment.png", "type": "image/png"}, {"source": "5b075eb2-56e4-432d-abd1-a54238ca27a1-attachment.png", "type": "image/png"}, {"source": "bce07876-bd00-4c44-9591-b882a74558fc-attachment.png", "type": "image/png"}, {"source": "747461ab-c458-48fb-9d90-a73e832e8fb4-attachment.png", "type": "image/png"}, {"name": "stdout", "source": "aceef9e1-996c-4b50-a25a-9a7cfc21af71-attachment.txt", "type": "text/plain"}], "parameters": [{"name": "init_driver", "value": "'chrome'"}], "start": 1653582171696, "stop": 1653582208325, "uuid": "7430de20-f419-423a-b0d7-614a9fa151d3", "historyId": "14d212360fe002218b0409eee63512d7", "testCaseId": "af40b73ac230ca090f7dc7b6c5c25ee1", "fullName": "Tests.test_TransanctionPage.Test_Transactions#test_verifyingDebitTransactions", "labels": [{"name": "tag", "value": "@pytest.mark.usefixtures('init_driver')"}, {"name": "parentSuite", "value": "Tests"}, {"name": "suite", "value": "test_TransanctionPage"}, {"name": "subSuite", "value": "Test_Transactions"}, {"name": "host", "value": "MSDT120"}, {"name": "thread", "value": "1932-MainThread"}, {"name": "framework", "value": "pytest"}, {"name": "language", "value": "cpython3"}, {"name": "package", "value": "Tests.test_TransanctionPage"}]}